<?xml version="1.0" encoding="UTF-8"?>
<testsuite name="LoginTest" tests="1" skipped="0" failures="0" errors="0" timestamp="2023-10-21T00:15:37" hostname="DESKTOP-G6QMAM9" time="8.004">
  <properties/>
  <testcase name="PositiveLoginTestwithProperties" classname="LoginTest" time="8.004"/>
  <system-out><![CDATA[]]></system-out>
  <system-err><![CDATA[]]></system-err>
</testsuite>
