<?xml version="1.0" encoding="UTF-8"?>
<testsuite name="AddNewCarTests" tests="1" skipped="0" failures="0" errors="0" timestamp="2023-10-21T00:15:45" hostname="DESKTOP-G6QMAM9" time="11.235">
  <properties/>
  <testcase name="addNewCarPossitiveInput" classname="AddNewCarTests" time="11.235"/>
  <system-out><![CDATA[]]></system-out>
  <system-err><![CDATA[]]></system-err>
</testsuite>
